<?xml version="1.0" encoding="UTF-8"?>
<coverage generated="1784237120134" clover="3.2.0">
  <project timestamp="1784237120134" name="All files">
    <metrics statements="135" coveredstatements="135" conditionals="76" coveredconditionals="76" methods="11" coveredmethods="11" elements="222" coveredelements="222" complexity="0" loc="135" ncloc="135" packages="1" files="1" classes="1"/>
    <file name="chatStorage.ts" path="/Users/jeevankumarchowdapu/development/hin/apps/web/src/lib/chatStorage.ts">
      <metrics statements="135" coveredstatements="135" conditionals="76" coveredconditionals="76" methods="11" coveredmethods="11"/>
      <line num="4" count="1" type="stmt"/>
      <line num="5" count="1" type="stmt"/>
      <line num="20" count="1" type="stmt"/>
      <line num="21" count="1" type="stmt"/>
      <line num="22" count="1" type="stmt"/>
      <line num="23" count="1" type="stmt"/>
      <line num="24" count="1" type="stmt"/>
      <line num="25" count="1" type="stmt"/>
      <line num="27" count="18" type="cond" truecount="1" falsecount="0"/>
      <line num="28" count="18" type="cond" truecount="3" falsecount="0"/>
      <line num="29" count="10" type="stmt"/>
      <line num="30" count="18" type="cond" truecount="2" falsecount="0"/>
      <line num="31" count="18" type="stmt"/>
      <line num="33" count="25" type="cond" truecount="1" falsecount="0"/>
      <line num="34" count="25" type="cond" truecount="3" falsecount="0"/>
      <line num="35" count="22" type="stmt"/>
      <line num="36" count="22" type="stmt"/>
      <line num="38" count="12" type="cond" truecount="1" falsecount="0"/>
      <line num="39" count="12" type="cond" truecount="3" falsecount="0"/>
      <line num="40" count="10" type="stmt"/>
      <line num="41" count="12" type="cond" truecount="2" falsecount="0"/>
      <line num="42" count="12" type="cond" truecount="3" falsecount="0"/>
      <line num="43" count="7" type="stmt"/>
      <line num="44" count="7" type="cond" truecount="1" falsecount="0"/>
      <line num="45" count="3" type="stmt"/>
      <line num="46" count="12" type="cond" truecount="1" falsecount="0"/>
      <line num="47" count="1" type="stmt"/>
      <line num="48" count="1" type="cond" truecount="1" falsecount="0"/>
      <line num="49" count="6" type="stmt"/>
      <line num="50" count="6" type="stmt"/>
      <line num="52" count="12" type="cond" truecount="1" falsecount="0"/>
      <line num="53" count="12" type="cond" truecount="3" falsecount="0"/>
      <line num="54" count="10" type="stmt"/>
      <line num="55" count="12" type="cond" truecount="1" falsecount="0"/>
      <line num="56" count="13" type="stmt"/>
      <line num="57" count="13" type="cond" truecount="3" falsecount="0"/>
      <line num="58" count="6" type="stmt"/>
      <line num="59" count="13" type="cond" truecount="1" falsecount="0"/>
      <line num="60" count="13" type="cond" truecount="1" falsecount="0"/>
      <line num="61" count="10" type="stmt"/>
      <line num="62" count="10" type="stmt"/>
      <line num="65" count="1" type="cond" truecount="1" falsecount="0"/>
      <line num="66" count="41" type="cond" truecount="2" falsecount="0"/>
      <line num="67" count="41" type="cond" truecount="3" falsecount="0"/>
      <line num="68" count="41" type="cond" truecount="3" falsecount="0"/>
      <line num="69" count="30" type="stmt"/>
      <line num="70" count="41" type="cond" truecount="1" falsecount="0"/>
      <line num="71" count="6" type="stmt"/>
      <line num="72" count="6" type="cond" truecount="1" falsecount="0"/>
      <line num="73" count="30" type="stmt"/>
      <line num="74" count="30" type="stmt"/>
      <line num="76" count="1" type="cond" truecount="1" falsecount="0"/>
      <line num="77" count="17" type="stmt"/>
      <line num="78" count="17" type="cond" truecount="1" falsecount="0"/>
      <line num="79" count="18" type="stmt"/>
      <line num="80" count="18" type="cond" truecount="2" falsecount="0"/>
      <line num="81" count="16" type="stmt"/>
      <line num="82" count="18" type="cond" truecount="1" falsecount="0"/>
      <line num="83" count="18" type="stmt"/>
      <line num="84" count="17" type="stmt"/>
      <line num="85" count="17" type="stmt"/>
      <line num="87" count="9" type="cond" truecount="1" falsecount="0"/>
      <line num="88" count="9" type="stmt"/>
      <line num="89" count="9" type="stmt"/>
      <line num="90" count="9" type="cond" truecount="2" falsecount="0"/>
      <line num="91" count="7" type="stmt"/>
      <line num="98" count="9" type="cond" truecount="2" falsecount="0"/>
      <line num="99" count="9" type="cond" truecount="2" falsecount="0"/>
      <line num="100" count="9" type="cond" truecount="2" falsecount="0"/>
      <line num="101" count="9" type="stmt"/>
      <line num="102" count="9" type="cond" truecount="1" falsecount="0"/>
      <line num="103" count="5" type="stmt"/>
      <line num="104" count="5" type="cond" truecount="1" falsecount="0"/>
      <line num="105" count="5" type="cond" truecount="1" falsecount="0"/>
      <line num="106" count="6" type="stmt"/>
      <line num="107" count="6" type="stmt"/>
      <line num="108" count="6" type="stmt"/>
      <line num="109" count="6" type="stmt"/>
      <line num="110" count="6" type="stmt"/>
      <line num="111" count="6" type="stmt"/>
      <line num="112" count="9" type="cond" truecount="1" falsecount="0"/>
      <line num="113" count="1" type="stmt"/>
      <line num="114" count="1" type="stmt"/>
      <line num="115" count="9" type="stmt"/>
      <line num="117" count="1" type="cond" truecount="1" falsecount="0"/>
      <line num="118" count="23" type="stmt"/>
      <line num="119" count="23" type="stmt"/>
      <line num="120" count="23" type="cond" truecount="1" falsecount="0"/>
      <line num="121" count="13" type="stmt"/>
      <line num="122" count="13" type="stmt"/>
      <line num="123" count="13" type="stmt"/>
      <line num="124" count="13" type="stmt"/>
      <line num="125" count="13" type="cond" truecount="2" falsecount="0"/>
      <line num="126" count="13" type="stmt"/>
      <line num="127" count="13" type="stmt"/>
      <line num="128" count="13" type="cond" truecount="1" falsecount="0"/>
      <line num="130" count="9" type="stmt"/>
      <line num="131" count="23" type="cond" truecount="1" falsecount="0"/>
      <line num="132" count="6" type="stmt"/>
      <line num="133" count="6" type="stmt"/>
      <line num="134" count="6" type="stmt"/>
      <line num="135" count="6" type="cond" truecount="1" falsecount="0"/>
      <line num="137" count="1" type="stmt"/>
      <line num="138" count="6" type="stmt"/>
      <line num="139" count="6" type="cond" truecount="1" falsecount="0"/>
      <line num="141" count="3" type="stmt"/>
      <line num="142" count="23" type="cond" truecount="1" falsecount="0"/>
      <line num="143" count="2" type="stmt"/>
      <line num="144" count="2" type="stmt"/>
      <line num="145" count="23" type="stmt"/>
      <line num="147" count="1" type="cond" truecount="1" falsecount="0"/>
      <line num="148" count="12" type="stmt"/>
      <line num="149" count="12" type="stmt"/>
      <line num="150" count="12" type="stmt"/>
      <line num="151" count="12" type="stmt"/>
      <line num="152" count="12" type="stmt"/>
      <line num="153" count="12" type="stmt"/>
      <line num="154" count="12" type="stmt"/>
      <line num="155" count="12" type="stmt"/>
      <line num="156" count="12" type="cond" truecount="1" falsecount="0"/>
      <line num="158" count="1" type="stmt"/>
      <line num="159" count="12" type="stmt"/>
      <line num="161" count="1" type="cond" truecount="1" falsecount="0"/>
      <line num="162" count="3" type="stmt"/>
      <line num="163" count="3" type="stmt"/>
      <line num="164" count="3" type="stmt"/>
      <line num="165" count="3" type="cond" truecount="1" falsecount="0"/>
      <line num="167" count="1" type="stmt"/>
      <line num="168" count="3" type="stmt"/>
      <line num="170" count="1" type="cond" truecount="1" falsecount="0"/>
      <line num="171" count="4" type="stmt"/>
      <line num="172" count="4" type="stmt"/>
      <line num="173" count="4" type="stmt"/>
      <line num="174" count="4" type="cond" truecount="1" falsecount="0"/>
      <line num="175" count="4" type="stmt"/>
    </file>
  </project>
</coverage>
