{"/Users/jeevankumarchowdapu/development/hin/apps/web/src/lib/chatStorage.ts": {"path":"/Users/jeevankumarchowdapu/development/hin/apps/web/src/lib/chatStorage.ts","all":false,"statementMap":{"3":{"start":{"line":4,"column":0},"end":{"line":4,"column":45}},"4":{"start":{"line":5,"column":0},"end":{"line":5,"column":42}},"19":{"start":{"line":20,"column":0},"end":{"line":20,"column":35}},"20":{"start":{"line":21,"column":0},"end":{"line":21,"column":16}},"21":{"start":{"line":22,"column":0},"end":{"line":22,"column":20}},"22":{"start":{"line":23,"column":0},"end":{"line":23,"column":18}},"23":{"start":{"line":24,"column":0},"end":{"line":24,"column":13}},"24":{"start":{"line":25,"column":0},"end":{"line":25,"column":2}},"26":{"start":{"line":27,"column":0},"end":{"line":27,"column":66}},"27":{"start":{"line":28,"column":0},"end":{"line":28,"column":56}},"28":{"start":{"line":29,"column":0},"end":{"line":29,"column":45}},"29":{"start":{"line":30,"column":0},"end":{"line":30,"column":98}},"30":{"start":{"line":31,"column":0},"end":{"line":31,"column":1}},"32":{"start":{"line":33,"column":0},"end":{"line":33,"column":62}},"33":{"start":{"line":34,"column":0},"end":{"line":34,"column":56}},"34":{"start":{"line":35,"column":0},"end":{"line":35,"column":68}},"35":{"start":{"line":36,"column":0},"end":{"line":36,"column":1}},"37":{"start":{"line":38,"column":0},"end":{"line":38,"column":60}},"38":{"start":{"line":39,"column":0},"end":{"line":39,"column":56}},"39":{"start":{"line":40,"column":0},"end":{"line":40,"column":45}},"40":{"start":{"line":41,"column":0},"end":{"line":41,"column":47}},"41":{"start":{"line":42,"column":0},"end":{"line":42,"column":67}},"42":{"start":{"line":43,"column":0},"end":{"line":43,"column":6}},"43":{"start":{"line":44,"column":0},"end":{"line":44,"column":36}},"44":{"start":{"line":45,"column":0},"end":{"line":45,"column":45}},"45":{"start":{"line":46,"column":0},"end":{"line":46,"column":5}},"46":{"start":{"line":47,"column":0},"end":{"line":47,"column":17}},"47":{"start":{"line":48,"column":0},"end":{"line":48,"column":3}},"48":{"start":{"line":49,"column":0},"end":{"line":49,"column":14}},"49":{"start":{"line":50,"column":0},"end":{"line":50,"column":1}},"51":{"start":{"line":52,"column":0},"end":{"line":52,"column":66}},"52":{"start":{"line":53,"column":0},"end":{"line":53,"column":53}},"53":{"start":{"line":54,"column":0},"end":{"line":54,"column":45}},"54":{"start":{"line":55,"column":0},"end":{"line":55,"column":80}},"55":{"start":{"line":56,"column":0},"end":{"line":56,"column":27}},"56":{"start":{"line":57,"column":0},"end":{"line":57,"column":63}},"57":{"start":{"line":58,"column":0},"end":{"line":58,"column":42}},"58":{"start":{"line":59,"column":0},"end":{"line":59,"column":33}},"59":{"start":{"line":60,"column":0},"end":{"line":60,"column":3}},"60":{"start":{"line":61,"column":0},"end":{"line":61,"column":13}},"61":{"start":{"line":62,"column":0},"end":{"line":62,"column":1}},"64":{"start":{"line":65,"column":0},"end":{"line":65,"column":71}},"65":{"start":{"line":66,"column":0},"end":{"line":66,"column":51}},"66":{"start":{"line":67,"column":0},"end":{"line":67,"column":87}},"67":{"start":{"line":68,"column":0},"end":{"line":68,"column":37}},"68":{"start":{"line":69,"column":0},"end":{"line":69,"column":47}},"69":{"start":{"line":70,"column":0},"end":{"line":70,"column":34}},"70":{"start":{"line":71,"column":0},"end":{"line":71,"column":59}},"71":{"start":{"line":72,"column":0},"end":{"line":72,"column":3}},"72":{"start":{"line":73,"column":0},"end":{"line":73,"column":16}},"73":{"start":{"line":74,"column":0},"end":{"line":74,"column":1}},"75":{"start":{"line":76,"column":0},"end":{"line":76,"column":93}},"76":{"start":{"line":77,"column":0},"end":{"line":77,"column":45}},"77":{"start":{"line":78,"column":0},"end":{"line":78,"column":54}},"78":{"start":{"line":79,"column":0},"end":{"line":79,"column":27}},"79":{"start":{"line":80,"column":0},"end":{"line":80,"column":39}},"80":{"start":{"line":81,"column":0},"end":{"line":81,"column":42}},"81":{"start":{"line":82,"column":0},"end":{"line":82,"column":33}},"82":{"start":{"line":83,"column":0},"end":{"line":83,"column":3}},"83":{"start":{"line":84,"column":0},"end":{"line":84,"column":13}},"84":{"start":{"line":85,"column":0},"end":{"line":85,"column":1}},"86":{"start":{"line":87,"column":0},"end":{"line":87,"column":50}},"87":{"start":{"line":88,"column":0},"end":{"line":88,"column":7}},"88":{"start":{"line":89,"column":0},"end":{"line":89,"column":58}},"89":{"start":{"line":90,"column":0},"end":{"line":90,"column":26}},"90":{"start":{"line":91,"column":0},"end":{"line":91,"column":39}},"97":{"start":{"line":98,"column":0},"end":{"line":98,"column":82}},"98":{"start":{"line":99,"column":0},"end":{"line":99,"column":83}},"99":{"start":{"line":100,"column":0},"end":{"line":100,"column":89}},"100":{"start":{"line":101,"column":0},"end":{"line":101,"column":50}},"101":{"start":{"line":102,"column":0},"end":{"line":102,"column":20}},"102":{"start":{"line":103,"column":0},"end":{"line":103,"column":80}},"103":{"start":{"line":104,"column":0},"end":{"line":104,"column":46}},"104":{"start":{"line":105,"column":0},"end":{"line":105,"column":5}},"105":{"start":{"line":106,"column":0},"end":{"line":106,"column":12}},"106":{"start":{"line":107,"column":0},"end":{"line":107,"column":30}},"107":{"start":{"line":108,"column":0},"end":{"line":108,"column":38}},"108":{"start":{"line":109,"column":0},"end":{"line":109,"column":16}},"109":{"start":{"line":110,"column":0},"end":{"line":110,"column":13}},"110":{"start":{"line":111,"column":0},"end":{"line":111,"column":6}},"111":{"start":{"line":112,"column":0},"end":{"line":112,"column":11}},"112":{"start":{"line":113,"column":0},"end":{"line":113,"column":16}},"113":{"start":{"line":114,"column":0},"end":{"line":114,"column":3}},"114":{"start":{"line":115,"column":0},"end":{"line":115,"column":1}},"116":{"start":{"line":117,"column":0},"end":{"line":117,"column":53}},"117":{"start":{"line":118,"column":0},"end":{"line":118,"column":7}},"118":{"start":{"line":119,"column":0},"end":{"line":119,"column":55}},"119":{"start":{"line":120,"column":0},"end":{"line":120,"column":14}},"120":{"start":{"line":121,"column":0},"end":{"line":121,"column":68}},"121":{"start":{"line":122,"column":0},"end":{"line":122,"column":14}},"122":{"start":{"line":123,"column":0},"end":{"line":123,"column":32}},"123":{"start":{"line":124,"column":0},"end":{"line":124,"column":40}},"124":{"start":{"line":125,"column":0},"end":{"line":125,"column":79}},"125":{"start":{"line":126,"column":0},"end":{"line":126,"column":43}},"126":{"start":{"line":127,"column":0},"end":{"line":127,"column":8}},"127":{"start":{"line":128,"column":0},"end":{"line":128,"column":5}},"129":{"start":{"line":130,"column":0},"end":{"line":130,"column":34}},"130":{"start":{"line":131,"column":0},"end":{"line":131,"column":19}},"131":{"start":{"line":132,"column":0},"end":{"line":132,"column":30}},"132":{"start":{"line":133,"column":0},"end":{"line":133,"column":11}},"133":{"start":{"line":134,"column":0},"end":{"line":134,"column":53}},"134":{"start":{"line":135,"column":0},"end":{"line":135,"column":15}},"136":{"start":{"line":137,"column":0},"end":{"line":137,"column":7}},"137":{"start":{"line":138,"column":0},"end":{"line":138,"column":22}},"138":{"start":{"line":139,"column":0},"end":{"line":139,"column":5}},"140":{"start":{"line":141,"column":0},"end":{"line":141,"column":36}},"141":{"start":{"line":142,"column":0},"end":{"line":142,"column":11}},"142":{"start":{"line":143,"column":0},"end":{"line":143,"column":36}},"143":{"start":{"line":144,"column":0},"end":{"line":144,"column":3}},"144":{"start":{"line":145,"column":0},"end":{"line":145,"column":1}},"146":{"start":{"line":147,"column":0},"end":{"line":147,"column":64}},"147":{"start":{"line":148,"column":0},"end":{"line":148,"column":7}},"148":{"start":{"line":149,"column":0},"end":{"line":149,"column":40}},"149":{"start":{"line":150,"column":0},"end":{"line":150,"column":27}},"150":{"start":{"line":151,"column":0},"end":{"line":151,"column":35}},"151":{"start":{"line":152,"column":0},"end":{"line":152,"column":33}},"152":{"start":{"line":153,"column":0},"end":{"line":153,"column":40}},"153":{"start":{"line":154,"column":0},"end":{"line":154,"column":6}},"154":{"start":{"line":155,"column":0},"end":{"line":155,"column":67}},"155":{"start":{"line":156,"column":0},"end":{"line":156,"column":11}},"157":{"start":{"line":158,"column":0},"end":{"line":158,"column":3}},"158":{"start":{"line":159,"column":0},"end":{"line":159,"column":1}},"160":{"start":{"line":161,"column":0},"end":{"line":161,"column":40}},"161":{"start":{"line":162,"column":0},"end":{"line":162,"column":7}},"162":{"start":{"line":163,"column":0},"end":{"line":163,"column":46}},"163":{"start":{"line":164,"column":0},"end":{"line":164,"column":49}},"164":{"start":{"line":165,"column":0},"end":{"line":165,"column":11}},"166":{"start":{"line":167,"column":0},"end":{"line":167,"column":3}},"167":{"start":{"line":168,"column":0},"end":{"line":168,"column":1}},"169":{"start":{"line":170,"column":0},"end":{"line":170,"column":37}},"170":{"start":{"line":171,"column":0},"end":{"line":171,"column":37}},"171":{"start":{"line":172,"column":0},"end":{"line":172,"column":22}},"172":{"start":{"line":173,"column":0},"end":{"line":173,"column":15}},"173":{"start":{"line":174,"column":0},"end":{"line":174,"column":60}},"174":{"start":{"line":175,"column":0},"end":{"line":175,"column":1}}},"s":{"3":1,"4":1,"19":1,"20":1,"21":1,"22":1,"23":1,"24":1,"26":18,"27":18,"28":10,"29":18,"30":18,"32":25,"33":25,"34":22,"35":22,"37":12,"38":12,"39":10,"40":12,"41":12,"42":7,"43":7,"44":3,"45":12,"46":1,"47":1,"48":6,"49":6,"51":12,"52":12,"53":10,"54":12,"55":13,"56":13,"57":6,"58":13,"59":13,"60":10,"61":10,"64":1,"65":41,"66":41,"67":41,"68":30,"69":41,"70":6,"71":6,"72":30,"73":30,"75":1,"76":17,"77":17,"78":18,"79":18,"80":16,"81":18,"82":18,"83":17,"84":17,"86":9,"87":9,"88":9,"89":9,"90":7,"97":9,"98":9,"99":9,"100":9,"101":9,"102":5,"103":5,"104":5,"105":6,"106":6,"107":6,"108":6,"109":6,"110":6,"111":9,"112":1,"113":1,"114":9,"116":1,"117":23,"118":23,"119":23,"120":13,"121":13,"122":13,"123":13,"124":13,"125":13,"126":13,"127":13,"129":9,"130":23,"131":6,"132":6,"133":6,"134":6,"136":1,"137":6,"138":6,"140":3,"141":23,"142":2,"143":2,"144":23,"146":1,"147":12,"148":12,"149":12,"150":12,"151":12,"152":12,"153":12,"154":12,"155":12,"157":1,"158":12,"160":1,"161":3,"162":3,"163":3,"164":3,"166":1,"167":3,"169":1,"170":4,"171":4,"172":4,"173":4,"174":4},"branchMap":{"0":{"type":"branch","line":27,"loc":{"start":{"line":27,"column":0},"end":{"line":31,"column":1}},"locations":[{"start":{"line":27,"column":0},"end":{"line":31,"column":1}}]},"1":{"type":"branch","line":28,"loc":{"start":{"line":28,"column":7},"end":{"line":28,"column":43}},"locations":[{"start":{"line":28,"column":7},"end":{"line":28,"column":43}}]},"2":{"type":"branch","line":28,"loc":{"start":{"line":28,"column":43},"end":{"line":28,"column":56}},"locations":[{"start":{"line":28,"column":43},"end":{"line":28,"column":56}}]},"3":{"type":"branch","line":28,"loc":{"start":{"line":28,"column":50},"end":{"line":30,"column":37}},"locations":[{"start":{"line":28,"column":50},"end":{"line":30,"column":37}}]},"4":{"type":"branch","line":30,"loc":{"start":{"line":30,"column":25},"end":{"line":30,"column":71}},"locations":[{"start":{"line":30,"column":25},"end":{"line":30,"column":71}}]},"5":{"type":"branch","line":30,"loc":{"start":{"line":30,"column":59},"end":{"line":30,"column":98}},"locations":[{"start":{"line":30,"column":59},"end":{"line":30,"column":98}}]},"6":{"type":"branch","line":33,"loc":{"start":{"line":33,"column":0},"end":{"line":36,"column":1}},"locations":[{"start":{"line":33,"column":0},"end":{"line":36,"column":1}}]},"7":{"type":"branch","line":34,"loc":{"start":{"line":34,"column":7},"end":{"line":34,"column":43}},"locations":[{"start":{"line":34,"column":7},"end":{"line":34,"column":43}}]},"8":{"type":"branch","line":34,"loc":{"start":{"line":34,"column":43},"end":{"line":34,"column":56}},"locations":[{"start":{"line":34,"column":43},"end":{"line":34,"column":56}}]},"9":{"type":"branch","line":34,"loc":{"start":{"line":34,"column":50},"end":{"line":36,"column":1}},"locations":[{"start":{"line":34,"column":50},"end":{"line":36,"column":1}}]},"10":{"type":"branch","line":38,"loc":{"start":{"line":38,"column":0},"end":{"line":50,"column":1}},"locations":[{"start":{"line":38,"column":0},"end":{"line":50,"column":1}}]},"11":{"type":"branch","line":39,"loc":{"start":{"line":39,"column":7},"end":{"line":39,"column":43}},"locations":[{"start":{"line":39,"column":7},"end":{"line":39,"column":43}}]},"12":{"type":"branch","line":39,"loc":{"start":{"line":39,"column":43},"end":{"line":39,"column":56}},"locations":[{"start":{"line":39,"column":43},"end":{"line":39,"column":56}}]},"13":{"type":"branch","line":39,"loc":{"start":{"line":39,"column":50},"end":{"line":41,"column":41}},"locations":[{"start":{"line":39,"column":50},"end":{"line":41,"column":41}}]},"14":{"type":"branch","line":41,"loc":{"start":{"line":41,"column":34},"end":{"line":41,"column":47}},"locations":[{"start":{"line":41,"column":34},"end":{"line":41,"column":47}}]},"15":{"type":"branch","line":41,"loc":{"start":{"line":41,"column":41},"end":{"line":42,"column":27}},"locations":[{"start":{"line":41,"column":41},"end":{"line":42,"column":27}}]},"16":{"type":"branch","line":42,"loc":{"start":{"line":42,"column":19},"end":{"line":42,"column":54}},"locations":[{"start":{"line":42,"column":19},"end":{"line":42,"column":54}}]},"17":{"type":"branch","line":42,"loc":{"start":{"line":42,"column":54},"end":{"line":42,"column":67}},"locations":[{"start":{"line":42,"column":54},"end":{"line":42,"column":67}}]},"18":{"type":"branch","line":42,"loc":{"start":{"line":42,"column":61},"end":{"line":44,"column":36}},"locations":[{"start":{"line":42,"column":61},"end":{"line":44,"column":36}}]},"19":{"type":"branch","line":44,"loc":{"start":{"line":44,"column":29},"end":{"line":45,"column":45}},"locations":[{"start":{"line":44,"column":29},"end":{"line":45,"column":45}}]},"20":{"type":"branch","line":46,"loc":{"start":{"line":46,"column":4},"end":{"line":48,"column":3}},"locations":[{"start":{"line":46,"column":4},"end":{"line":48,"column":3}}]},"21":{"type":"branch","line":48,"loc":{"start":{"line":48,"column":2},"end":{"line":50,"column":1}},"locations":[{"start":{"line":48,"column":2},"end":{"line":50,"column":1}}]},"22":{"type":"branch","line":52,"loc":{"start":{"line":52,"column":0},"end":{"line":62,"column":1}},"locations":[{"start":{"line":52,"column":0},"end":{"line":62,"column":1}}]},"23":{"type":"branch","line":53,"loc":{"start":{"line":53,"column":7},"end":{"line":53,"column":43}},"locations":[{"start":{"line":53,"column":7},"end":{"line":53,"column":43}}]},"24":{"type":"branch","line":53,"loc":{"start":{"line":53,"column":43},"end":{"line":53,"column":53}},"locations":[{"start":{"line":53,"column":43},"end":{"line":53,"column":53}}]},"25":{"type":"branch","line":53,"loc":{"start":{"line":53,"column":51},"end":{"line":55,"column":79}},"locations":[{"start":{"line":53,"column":51},"end":{"line":55,"column":79}}]},"26":{"type":"branch","line":55,"loc":{"start":{"line":55,"column":79},"end":{"line":60,"column":3}},"locations":[{"start":{"line":55,"column":79},"end":{"line":60,"column":3}}]},"27":{"type":"branch","line":57,"loc":{"start":{"line":57,"column":27},"end":{"line":57,"column":54}},"locations":[{"start":{"line":57,"column":27},"end":{"line":57,"column":54}}]},"28":{"type":"branch","line":57,"loc":{"start":{"line":57,"column":54},"end":{"line":57,"column":63}},"locations":[{"start":{"line":57,"column":54},"end":{"line":57,"column":63}}]},"29":{"type":"branch","line":57,"loc":{"start":{"line":57,"column":54},"end":{"line":59,"column":20}},"locations":[{"start":{"line":57,"column":54},"end":{"line":59,"column":20}}]},"30":{"type":"branch","line":59,"loc":{"start":{"line":59,"column":16},"end":{"line":59,"column":33}},"locations":[{"start":{"line":59,"column":16},"end":{"line":59,"column":33}}]},"31":{"type":"branch","line":60,"loc":{"start":{"line":60,"column":2},"end":{"line":62,"column":1}},"locations":[{"start":{"line":60,"column":2},"end":{"line":62,"column":1}}]},"32":{"type":"branch","line":65,"loc":{"start":{"line":65,"column":7},"end":{"line":74,"column":1}},"locations":[{"start":{"line":65,"column":7},"end":{"line":74,"column":1}}]},"33":{"type":"branch","line":66,"loc":{"start":{"line":66,"column":31},"end":{"line":66,"column":48}},"locations":[{"start":{"line":66,"column":31},"end":{"line":66,"column":48}}]},"34":{"type":"branch","line":66,"loc":{"start":{"line":66,"column":41},"end":{"line":66,"column":51}},"locations":[{"start":{"line":66,"column":41},"end":{"line":66,"column":51}}]},"35":{"type":"branch","line":67,"loc":{"start":{"line":67,"column":24},"end":{"line":67,"column":66}},"locations":[{"start":{"line":67,"column":24},"end":{"line":67,"column":66}}]},"36":{"type":"branch","line":67,"loc":{"start":{"line":67,"column":62},"end":{"line":67,"column":82}},"locations":[{"start":{"line":67,"column":62},"end":{"line":67,"column":82}}]},"37":{"type":"branch","line":67,"loc":{"start":{"line":67,"column":72},"end":{"line":67,"column":87}},"locations":[{"start":{"line":67,"column":72},"end":{"line":67,"column":87}}]},"38":{"type":"branch","line":68,"loc":{"start":{"line":68,"column":7},"end":{"line":68,"column":25}},"locations":[{"start":{"line":68,"column":7},"end":{"line":68,"column":25}}]},"39":{"type":"branch","line":68,"loc":{"start":{"line":68,"column":25},"end":{"line":68,"column":37}},"locations":[{"start":{"line":68,"column":25},"end":{"line":68,"column":37}}]},"40":{"type":"branch","line":68,"loc":{"start":{"line":68,"column":32},"end":{"line":70,"column":33}},"locations":[{"start":{"line":68,"column":32},"end":{"line":70,"column":33}}]},"41":{"type":"branch","line":70,"loc":{"start":{"line":70,"column":33},"end":{"line":72,"column":3}},"locations":[{"start":{"line":70,"column":33},"end":{"line":72,"column":3}}]},"42":{"type":"branch","line":72,"loc":{"start":{"line":72,"column":2},"end":{"line":74,"column":1}},"locations":[{"start":{"line":72,"column":2},"end":{"line":74,"column":1}}]},"43":{"type":"branch","line":76,"loc":{"start":{"line":76,"column":7},"end":{"line":85,"column":1}},"locations":[{"start":{"line":76,"column":7},"end":{"line":85,"column":1}}]},"44":{"type":"branch","line":78,"loc":{"start":{"line":78,"column":53},"end":{"line":83,"column":3}},"locations":[{"start":{"line":78,"column":53},"end":{"line":83,"column":3}}]},"45":{"type":"branch","line":80,"loc":{"start":{"line":80,"column":30},"end":{"line":80,"column":39}},"locations":[{"start":{"line":80,"column":30},"end":{"line":80,"column":39}}]},"46":{"type":"branch","line":80,"loc":{"start":{"line":80,"column":30},"end":{"line":82,"column":20}},"locations":[{"start":{"line":80,"column":30},"end":{"line":82,"column":20}}]},"47":{"type":"branch","line":82,"loc":{"start":{"line":82,"column":16},"end":{"line":82,"column":33}},"locations":[{"start":{"line":82,"column":16},"end":{"line":82,"column":33}}]},"48":{"type":"branch","line":87,"loc":{"start":{"line":87,"column":0},"end":{"line":115,"column":1}},"locations":[{"start":{"line":87,"column":0},"end":{"line":115,"column":1}}]},"49":{"type":"branch","line":90,"loc":{"start":{"line":90,"column":14},"end":{"line":90,"column":26}},"locations":[{"start":{"line":90,"column":14},"end":{"line":90,"column":26}}]},"50":{"type":"branch","line":90,"loc":{"start":{"line":90,"column":21},"end":{"line":98,"column":58}},"locations":[{"start":{"line":90,"column":21},"end":{"line":98,"column":58}}]},"51":{"type":"branch","line":98,"loc":{"start":{"line":98,"column":54},"end":{"line":98,"column":77}},"locations":[{"start":{"line":98,"column":54},"end":{"line":98,"column":77}}]},"52":{"type":"branch","line":98,"loc":{"start":{"line":98,"column":65},"end":{"line":98,"column":82}},"locations":[{"start":{"line":98,"column":65},"end":{"line":98,"column":82}}]},"53":{"type":"branch","line":99,"loc":{"start":{"line":99,"column":50},"end":{"line":99,"column":80}},"locations":[{"start":{"line":99,"column":50},"end":{"line":99,"column":80}}]},"54":{"type":"branch","line":99,"loc":{"start":{"line":99,"column":68},"end":{"line":99,"column":83}},"locations":[{"start":{"line":99,"column":68},"end":{"line":99,"column":83}}]},"55":{"type":"branch","line":100,"loc":{"start":{"line":100,"column":58},"end":{"line":100,"column":84}},"locations":[{"start":{"line":100,"column":58},"end":{"line":100,"column":84}}]},"56":{"type":"branch","line":100,"loc":{"start":{"line":100,"column":69},"end":{"line":100,"column":89}},"locations":[{"start":{"line":100,"column":69},"end":{"line":100,"column":89}}]},"57":{"type":"branch","line":102,"loc":{"start":{"line":102,"column":19},"end":{"line":105,"column":5}},"locations":[{"start":{"line":102,"column":19},"end":{"line":105,"column":5}}]},"58":{"type":"branch","line":104,"loc":{"start":{"line":104,"column":17},"end":{"line":104,"column":46}},"locations":[{"start":{"line":104,"column":17},"end":{"line":104,"column":46}}]},"59":{"type":"branch","line":105,"loc":{"start":{"line":105,"column":4},"end":{"line":112,"column":10}},"locations":[{"start":{"line":105,"column":4},"end":{"line":112,"column":10}}]},"60":{"type":"branch","line":112,"loc":{"start":{"line":112,"column":2},"end":{"line":114,"column":3}},"locations":[{"start":{"line":112,"column":2},"end":{"line":114,"column":3}}]},"61":{"type":"branch","line":117,"loc":{"start":{"line":117,"column":7},"end":{"line":145,"column":1}},"locations":[{"start":{"line":117,"column":7},"end":{"line":145,"column":1}}]},"62":{"type":"branch","line":120,"loc":{"start":{"line":120,"column":13},"end":{"line":128,"column":5}},"locations":[{"start":{"line":120,"column":13},"end":{"line":128,"column":5}}]},"63":{"type":"branch","line":125,"loc":{"start":{"line":125,"column":51},"end":{"line":125,"column":74}},"locations":[{"start":{"line":125,"column":51},"end":{"line":125,"column":74}}]},"64":{"type":"branch","line":125,"loc":{"start":{"line":125,"column":62},"end":{"line":125,"column":79}},"locations":[{"start":{"line":125,"column":62},"end":{"line":125,"column":79}}]},"65":{"type":"branch","line":128,"loc":{"start":{"line":128,"column":4},"end":{"line":131,"column":18}},"locations":[{"start":{"line":128,"column":4},"end":{"line":131,"column":18}}]},"66":{"type":"branch","line":131,"loc":{"start":{"line":131,"column":18},"end":{"line":139,"column":5}},"locations":[{"start":{"line":131,"column":18},"end":{"line":139,"column":5}}]},"67":{"type":"branch","line":135,"loc":{"start":{"line":135,"column":6},"end":{"line":137,"column":7}},"locations":[{"start":{"line":135,"column":6},"end":{"line":137,"column":7}}]},"68":{"type":"branch","line":139,"loc":{"start":{"line":139,"column":4},"end":{"line":142,"column":10}},"locations":[{"start":{"line":139,"column":4},"end":{"line":142,"column":10}}]},"69":{"type":"branch","line":142,"loc":{"start":{"line":142,"column":2},"end":{"line":144,"column":3}},"locations":[{"start":{"line":142,"column":2},"end":{"line":144,"column":3}}]},"70":{"type":"branch","line":147,"loc":{"start":{"line":147,"column":7},"end":{"line":159,"column":1}},"locations":[{"start":{"line":147,"column":7},"end":{"line":159,"column":1}}]},"71":{"type":"branch","line":156,"loc":{"start":{"line":156,"column":2},"end":{"line":158,"column":3}},"locations":[{"start":{"line":156,"column":2},"end":{"line":158,"column":3}}]},"72":{"type":"branch","line":161,"loc":{"start":{"line":161,"column":7},"end":{"line":168,"column":1}},"locations":[{"start":{"line":161,"column":7},"end":{"line":168,"column":1}}]},"73":{"type":"branch","line":165,"loc":{"start":{"line":165,"column":2},"end":{"line":167,"column":3}},"locations":[{"start":{"line":165,"column":2},"end":{"line":167,"column":3}}]},"74":{"type":"branch","line":170,"loc":{"start":{"line":170,"column":7},"end":{"line":175,"column":1}},"locations":[{"start":{"line":170,"column":7},"end":{"line":175,"column":1}}]},"75":{"type":"branch","line":174,"loc":{"start":{"line":174,"column":27},"end":{"line":174,"column":60}},"locations":[{"start":{"line":174,"column":27},"end":{"line":174,"column":60}}]}},"b":{"0":[18],"1":[11],"2":[8],"3":[10],"4":[9],"5":[8],"6":[25],"7":[23],"8":[3],"9":[22],"10":[12],"11":[11],"12":[2],"13":[10],"14":[1],"15":[9],"16":[4],"17":[2],"18":[7],"19":[3],"20":[1],"21":[6],"22":[12],"23":[11],"24":[2],"25":[10],"26":[13],"27":[12],"28":[7],"29":[6],"30":[5],"31":[10],"32":[41],"33":[25],"34":[16],"35":[15],"36":[13],"37":[28],"38":[16],"39":[11],"40":[30],"41":[6],"42":[30],"43":[17],"44":[18],"45":[2],"46":[16],"47":[12],"48":[9],"49":[2],"50":[7],"51":[5],"52":[1],"53":[5],"54":[1],"55":[3],"56":[3],"57":[5],"58":[3],"59":[6],"60":[1],"61":[23],"62":[13],"63":[2],"64":[10],"65":[9],"66":[6],"67":[1],"68":[3],"69":[2],"70":[12],"71":[1],"72":[3],"73":[1],"74":[4],"75":[2]},"fnMap":{"0":{"name":"isChatRecipient","decl":{"start":{"line":27,"column":0},"end":{"line":31,"column":1}},"loc":{"start":{"line":27,"column":0},"end":{"line":31,"column":1}},"line":27},"1":{"name":"isLinkPreview","decl":{"start":{"line":33,"column":0},"end":{"line":36,"column":1}},"loc":{"start":{"line":33,"column":0},"end":{"line":36,"column":1}},"line":33},"2":{"name":"isDraftEntry","decl":{"start":{"line":38,"column":0},"end":{"line":50,"column":1}},"loc":{"start":{"line":38,"column":0},"end":{"line":50,"column":1}},"line":38},"3":{"name":"parseDrafts","decl":{"start":{"line":52,"column":0},"end":{"line":62,"column":1}},"loc":{"start":{"line":52,"column":0},"end":{"line":62,"column":1}},"line":52},"4":{"name":"pruneDraftEntry","decl":{"start":{"line":65,"column":7},"end":{"line":74,"column":1}},"loc":{"start":{"line":65,"column":7},"end":{"line":74,"column":1}},"line":65},"5":{"name":"pruneDrafts","decl":{"start":{"line":76,"column":7},"end":{"line":85,"column":1}},"loc":{"start":{"line":76,"column":7},"end":{"line":85,"column":1}},"line":76},"6":{"name":"loadV1AsV2","decl":{"start":{"line":87,"column":0},"end":{"line":115,"column":1}},"loc":{"start":{"line":87,"column":0},"end":{"line":115,"column":1}},"line":87},"7":{"name":"loadChatState","decl":{"start":{"line":117,"column":7},"end":{"line":145,"column":1}},"loc":{"start":{"line":117,"column":7},"end":{"line":145,"column":1}},"line":117},"8":{"name":"saveChatState","decl":{"start":{"line":147,"column":7},"end":{"line":159,"column":1}},"loc":{"start":{"line":147,"column":7},"end":{"line":159,"column":1}},"line":147},"9":{"name":"clearChatState","decl":{"start":{"line":161,"column":7},"end":{"line":168,"column":1}},"loc":{"start":{"line":161,"column":7},"end":{"line":168,"column":1}},"line":161},"10":{"name":"getDraftForRecipient","decl":{"start":{"line":170,"column":7},"end":{"line":175,"column":1}},"loc":{"start":{"line":170,"column":7},"end":{"line":175,"column":1}},"line":170}},"f":{"0":18,"1":25,"2":12,"3":12,"4":41,"5":17,"6":9,"7":23,"8":12,"9":3,"10":4}}
}
